app/build/outputs/apk/manifest-merger-debug-report.txt
-- Merging decision tree log ---
manifest
ADDED from AndroidManifest.xml:2:1
	xmlns:android
		ADDED from AndroidManifest.xml:2:11
	package
		ADDED from AndroidManifest.xml:3:2
		INJECTED from AndroidManifest.xml:0:0
		INJECTED from AndroidManifest.xml:0:0
	android:versionName
		ADDED from AndroidManifest.xml:3:60
	android:versionCode
		ADDED from AndroidManifest.xml:3:36
		INJECTED from AndroidManifest.xml:0:0
		INJECTED from AndroidManifest.xml:0:0
application
ADDED from AndroidManifest.xml:4:2
	android:label
		ADDED from AndroidManifest.xml:4:45
	android:icon
		ADDED from AndroidManifest.xml:4:15
activity#org.selliott.twelvetile.TwelveTile
ADDED from AndroidManifest.xml:5:3
	android:label
		ADDED from AndroidManifest.xml:5:40
	android:name
		ADDED from AndroidManifest.xml:5:13
intent-filter#android.intent.action.MAIN+android.intent.category.LAUNCHER
ADDED from AndroidManifest.xml:6:4
action#android.intent.action.MAIN
ADDED from AndroidManifest.xml:7:5
	android:name
		ADDED from AndroidManifest.xml:7:13
category#android.intent.category.LAUNCHER
ADDED from AndroidManifest.xml:8:5
	android:name
		ADDED from AndroidManifest.xml:8:15
activity#org.selliott.twelvetile.Help
ADDED from AndroidManifest.xml:11:3
	android:label
		ADDED from AndroidManifest.xml:11:34
	android:name
		ADDED from AndroidManifest.xml:11:13
activity#org.selliott.twelvetile.Preferences
ADDED from AndroidManifest.xml:12:3
	android:label
		ADDED from AndroidManifest.xml:12:41
	android:name
		ADDED from AndroidManifest.xml:12:13
activity#org.selliott.twelvetile.Reset
ADDED from AndroidManifest.xml:13:3
	android:label
		ADDED from AndroidManifest.xml:13:35
	android:theme
		ADDED from AndroidManifest.xml:14:4
	android:name
		ADDED from AndroidManifest.xml:13:13